Flow report for RV12LP
Sat Dec 01 16:50:38 2018
Quartus II 64-Bit Version 13.0.1 Build 232 06/12/2013 Service Pack 1 SJ Full Version


---------------------
; Table of Contents ;
---------------------
  1. Legal Notice
  2. Flow Summary
  3. Flow Settings
  4. Flow Non-Default Global Settings
  5. Flow Elapsed Time
  6. Flow OS Summary
  7. Flow Log
  8. Flow Messages
  9. Flow Suppressed Messages



----------------
; Legal Notice ;
----------------
Copyright (C) 1991-2013 Altera Corporation
Your use of Altera Corporation's design tools, logic functions 
and other software and tools, and its AMPP partner logic 
functions, and any output files from any of the foregoing 
(including device programming or simulation files), and any 
associated documentation or information are expressly subject 
to the terms and conditions of the Altera Program License 
Subscription Agreement, Altera MegaCore Function License 
Agreement, or other applicable license agreement, including, 
without limitation, that your use is for the sole purpose of 
programming logic devices manufactured by Altera and sold by 
Altera or its authorized distributors.  Please refer to the 
applicable agreement for further details.



+---------------------------------------------------------------------------------------+
; Flow Summary                                                                          ;
+------------------------------------+--------------------------------------------------+
; Flow Status                        ; Successful - Sat Dec 01 16:50:38 2018            ;
; Quartus II 64-Bit Version          ; 13.0.1 Build 232 06/12/2013 SP 1 SJ Full Version ;
; Revision Name                      ; RV12LP                                           ;
; Top-level Entity Name              ; topo                                             ;
; Family                             ; Cyclone II                                       ;
; Device                             ; EP2C70F896C6                                     ;
; Timing Models                      ; Final                                            ;
; Total logic elements               ; 23,227 / 68,416 ( 34 % )                         ;
;     Total combinational functions  ; 22,591 / 68,416 ( 33 % )                         ;
;     Dedicated logic registers      ; 3,890 / 68,416 ( 6 % )                           ;
; Total registers                    ; 3890                                             ;
; Total pins                         ; 232 / 622 ( 37 % )                               ;
; Total virtual pins                 ; 0                                                ;
; Total memory bits                  ; 404,480 / 1,152,000 ( 35 % )                     ;
; Embedded Multiplier 9-bit elements ; 8 / 300 ( 3 % )                                  ;
; Total PLLs                         ; 0 / 4 ( 0 % )                                    ;
+------------------------------------+--------------------------------------------------+


+-----------------------------------------+
; Flow Settings                           ;
+-------------------+---------------------+
; Option            ; Setting             ;
+-------------------+---------------------+
; Start date & time ; 12/01/2018 16:42:28 ;
; Main task         ; Compilation         ;
; Revision Name     ; RV12LP              ;
+-------------------+---------------------+


+----------------------------------------------------------------------------------------------------------------------------------+
; Flow Non-Default Global Settings                                                                                                 ;
+-------------------------------------+---------------------------------------+---------------+-------------+----------------------+
; Assignment Name                     ; Value                                 ; Default Value ; Entity Name ; Section Id           ;
+-------------------------------------+---------------------------------------+---------------+-------------+----------------------+
; COMPILER_SIGNATURE_ID               ; 53214316804218.154368974700748        ; --            ; --          ; --                   ;
; EDA_DESIGN_ENTRY_SYNTHESIS_TOOL     ; Design Compiler                       ; <None>        ; --          ; --                   ;
; EDA_INPUT_DATA_FORMAT               ; Verilog Hdl                           ; --            ; --          ; eda_design_synthesis ;
; EDA_INPUT_VCC_NAME                  ; Vdd                                   ; --            ; --          ; eda_design_synthesis ;
; EDA_LMF_FILE                        ; altsyn.lmf                            ; --            ; --          ; eda_design_synthesis ;
; EDA_OUTPUT_DATA_FORMAT              ; Verilog Hdl                           ; --            ; --          ; eda_simulation       ;
; EDA_SIMULATION_TOOL                 ; ModelSim-Altera (Verilog)             ; <None>        ; --          ; --                   ;
; IP_TOOL_NAME                        ; ROM: 1-PORT                           ; --            ; --          ; --                   ;
; IP_TOOL_VERSION                     ; 13.0                                  ; --            ; --          ; --                   ;
; MAX_CORE_JUNCTION_TEMP              ; 85                                    ; --            ; --          ; --                   ;
; MIN_CORE_JUNCTION_TEMP              ; 0                                     ; --            ; --          ; --                   ;
; MISC_FILE                           ; memo/rom_inst.v                       ; --            ; --          ; --                   ;
; MISC_FILE                           ; memo/rom_bb.v                         ; --            ; --          ; --                   ;
; MISC_FILE                           ; memo/rom.cmp                          ; --            ; --          ; --                   ;
; PARTITION_COLOR                     ; 16764057                              ; --            ; topo        ; Top                  ;
; PARTITION_FITTER_PRESERVATION_LEVEL ; PLACEMENT_AND_ROUTING                 ; --            ; topo        ; Top                  ;
; PARTITION_NETLIST_TYPE              ; SOURCE                                ; --            ; topo        ; Top                  ;
; POWER_BOARD_THERMAL_MODEL           ; None (CONSERVATIVE)                   ; --            ; --          ; --                   ;
; POWER_PRESET_COOLING_SOLUTION       ; 23 MM HEAT SINK WITH 200 LFPM AIRFLOW ; --            ; --          ; --                   ;
; PROJECT_OUTPUT_DIRECTORY            ; output_files                          ; --            ; --          ; --                   ;
; TOP_LEVEL_ENTITY                    ; topo                                  ; RV12LP        ; --          ; --                   ;
+-------------------------------------+---------------------------------------+---------------+-------------+----------------------+


+-------------------------------------------------------------------------------------------------------------------------------+
; Flow Elapsed Time                                                                                                             ;
+---------------------------+--------------+-------------------------+---------------------+------------------------------------+
; Module Name               ; Elapsed Time ; Average Processors Used ; Peak Virtual Memory ; Total CPU Time (on all processors) ;
+---------------------------+--------------+-------------------------+---------------------+------------------------------------+
; Analysis & Synthesis      ; 00:02:28     ; 1.0                     ; 5278 MB             ; 00:02:27                           ;
; Fitter                    ; 00:05:05     ; 1.6                     ; 5553 MB             ; 00:07:41                           ;
; Assembler                 ; 00:00:04     ; 1.0                     ; 4678 MB             ; 00:00:04                           ;
; TimeQuest Timing Analyzer ; 00:00:11     ; 1.0                     ; 4982 MB             ; 00:00:10                           ;
; EDA Netlist Writer        ; 00:00:11     ; 1.0                     ; 4785 MB             ; 00:00:11                           ;
; Total                     ; 00:07:59     ; --                      ; --                  ; 00:10:33                           ;
+---------------------------+--------------+-------------------------+---------------------+------------------------------------+


+----------------------------------------------------------------------------------------+
; Flow OS Summary                                                                        ;
+---------------------------+------------------+-----------+------------+----------------+
; Module Name               ; Machine Hostname ; OS Name   ; OS Version ; Processor type ;
+---------------------------+------------------+-----------+------------+----------------+
; Analysis & Synthesis      ; DESKTOP-WIN-JV   ; Windows 7 ; 6.2        ; x86_64         ;
; Fitter                    ; DESKTOP-WIN-JV   ; Windows 7 ; 6.2        ; x86_64         ;
; Assembler                 ; DESKTOP-WIN-JV   ; Windows 7 ; 6.2        ; x86_64         ;
; TimeQuest Timing Analyzer ; DESKTOP-WIN-JV   ; Windows 7 ; 6.2        ; x86_64         ;
; EDA Netlist Writer        ; DESKTOP-WIN-JV   ; Windows 7 ; 6.2        ; x86_64         ;
+---------------------------+------------------+-----------+------------+----------------+


------------
; Flow Log ;
------------
quartus_map --read_settings_files=on --write_settings_files=off RV12LP -c RV12LP
quartus_fit --read_settings_files=off --write_settings_files=off RV12LP -c RV12LP
quartus_asm --read_settings_files=off --write_settings_files=off RV12LP -c RV12LP
quartus_sta RV12LP -c RV12LP
quartus_eda --read_settings_files=off --write_settings_files=off RV12LP -c RV12LP



